<?xml version="1.0" encoding="UTF-8"?>
<Site BuildName="(empty)"
	BuildStamp="20260828-0817-Experimental"
	Name="1bb3ca07db63"
	Generator="ctest-3.22.1"
	CompilerName="/usr/bin/c++"
	CompilerVersion="11.4.0"
	OSName="Linux"
	Hostname="1bb3ca07db63"
	OSRelease="5.15.167.4-microsoft-standard-WSL2"
	OSVersion="#1 SMP Tue Nov 5 00:21:55 UTC 2024"
	OSPlatform="x86_64"
	Is64Bits="1"
	VendorString="GenuineIntel"
	VendorID="Intel Corporation"
	FamilyID="6"
	ModelID="186"
	ProcessorCacheSize="12288"
	NumberOfLogicalCPU="12"
	NumberOfPhysicalCPU="6"
	TotalVirtualMemory="2048"
	TotalPhysicalMemory="7789"
	LogicalProcessorsPerPhysical="2"
	ProcessorClockFrequency="2611.2"
	>
	<Testing>
		<StartDateTime>Aug 28 08:17 UTC</StartDateTime>
		<StartTestTime>1787905069</StartTestTime>
		<TestList>
			<Test>./test_fake_robot</Test>
			<Test>./cppcheck</Test>
			<Test>./lint_cmake</Test>
			<Test>./uncrustify</Test>
			<Test>./xmllint</Test>
		</TestList>
		<Test Status="passed">
			<Name>test_fake_robot</Name>
			<Path>.</Path>
			<FullName>./test_fake_robot</FullName>
			<FullCommandLine>/usr/bin/python3 "-u" "/opt/ros/humble/share/ament_cmake_test/cmake/run_test.py" "/root/ros2_ws/build/franka_opcua_bridge/test_results/franka_opcua_bridge/test_fake_robot.gtest.xml" "--package-name" "franka_opcua_bridge" "--output-file" "/root/ros2_ws/build/franka_opcua_bridge/ament_cmake_gtest/test_fake_robot.txt" "--command" "/root/ros2_ws/build/franka_opcua_bridge/test_fake_robot" "--gtest_output=xml:/root/ros2_ws/build/franka_opcua_bridge/test_results/franka_opcua_bridge/test_fake_robot.gtest.xml"</FullCommandLine>
			<Results>
				<NamedMeasurement type="numeric/double" name="Execution Time">
					<Value>0.215292</Value>
				</NamedMeasurement>
				<NamedMeasurement type="numeric/double" name="Processors">
					<Value>1</Value>
				</NamedMeasurement>
				<NamedMeasurement type="text/string" name="Completion Status">
					<Value>Completed</Value>
				</NamedMeasurement>
				<NamedMeasurement type="text/string" name="Command Line">
					<Value>/usr/bin/python3 "-u" "/opt/ros/humble/share/ament_cmake_test/cmake/run_test.py" "/root/ros2_ws/build/franka_opcua_bridge/test_results/franka_opcua_bridge/test_fake_robot.gtest.xml" "--package-name" "franka_opcua_bridge" "--output-file" "/root/ros2_ws/build/franka_opcua_bridge/ament_cmake_gtest/test_fake_robot.txt" "--command" "/root/ros2_ws/build/franka_opcua_bridge/test_fake_robot" "--gtest_output=xml:/root/ros2_ws/build/franka_opcua_bridge/test_results/franka_opcua_bridge/test_fake_robot.gtest.xml"</Value>
				</NamedMeasurement>
				<NamedMeasurement type="text/string" name="Environment">
					<Value>#CTEST_RESOURCE_GROUP_COUNT=</Value>
				</NamedMeasurement>
				<Measurement>
					<Value>-- run_test.py: invoking following command in '/root/ros2_ws/build/franka_opcua_bridge':
 - /root/ros2_ws/build/franka_opcua_bridge/test_fake_robot --gtest_output=xml:/root/ros2_ws/build/franka_opcua_bridge/test_results/franka_opcua_bridge/test_fake_robot.gtest.xml
[==========] Running 6 tests from 1 test suite.
[----------] Global test environment set-up.
[----------] 6 tests from FakeRobotTest
[ RUN      ] FakeRobotTest.ConnectSetsConnectedState
[       OK ] FakeRobotTest.ConnectSetsConnectedState (0 ms)
[ RUN      ] FakeRobotTest.CannotOpenBrakesIfNotConnected
[       OK ] FakeRobotTest.CannotOpenBrakesIfNotConnected (0 ms)
[ RUN      ] FakeRobotTest.TaskFailsIfBrakesClosed
[       OK ] FakeRobotTest.TaskFailsIfBrakesClosed (0 ms)
[ RUN      ] FakeRobotTest.TaskSucceedsIfBrakesOpen
[       OK ] FakeRobotTest.TaskSucceedsIfBrakesOpen (0 ms)
[ RUN      ] FakeRobotTest.MoveToNamedPoseUpdatesStatus
[       OK ] FakeRobotTest.MoveToNamedPoseUpdatesStatus (0 ms)
[ RUN      ] FakeRobotTest.WorksThroughAbstractInterface
[       OK ] FakeRobotTest.WorksThroughAbstractInterface (0 ms)
[----------] 6 tests from FakeRobotTest (0 ms total)

[----------] Global test environment tear-down
[==========] 6 tests from 1 test suite ran. (0 ms total)
[  PASSED  ] 6 tests.
-- run_test.py: return code 0
-- run_test.py: inject classname prefix into gtest result file '/root/ros2_ws/build/franka_opcua_bridge/test_results/franka_opcua_bridge/test_fake_robot.gtest.xml'
-- run_test.py: verify result file '/root/ros2_ws/build/franka_opcua_bridge/test_results/franka_opcua_bridge/test_fake_robot.gtest.xml'
</Value>
				</Measurement>
			</Results>
			<Labels>
				<Label>gtest</Label>
			</Labels>
		</Test>
		<Test Status="passed">
			<Name>cppcheck</Name>
			<Path>.</Path>
			<FullName>./cppcheck</FullName>
			<FullCommandLine>/usr/bin/python3 "-u" "/opt/ros/humble/share/ament_cmake_test/cmake/run_test.py" "/root/ros2_ws/build/franka_opcua_bridge/test_results/franka_opcua_bridge/cppcheck.xunit.xml" "--package-name" "franka_opcua_bridge" "--output-file" "/root/ros2_ws/build/franka_opcua_bridge/ament_cppcheck/cppcheck.txt" "--command" "/opt/ros/humble/bin/ament_cppcheck" "--xunit-file" "/root/ros2_ws/build/franka_opcua_bridge/test_results/franka_opcua_bridge/cppcheck.xunit.xml" "--include_dirs" "/root/ros2_ws/src/franka_opcua_bridge/include"</FullCommandLine>
			<Results>
				<NamedMeasurement type="numeric/double" name="Execution Time">
					<Value>0.219437</Value>
				</NamedMeasurement>
				<NamedMeasurement type="numeric/double" name="Processors">
					<Value>1</Value>
				</NamedMeasurement>
				<NamedMeasurement type="text/string" name="Completion Status">
					<Value>Completed</Value>
				</NamedMeasurement>
				<NamedMeasurement type="text/string" name="Command Line">
					<Value>/usr/bin/python3 "-u" "/opt/ros/humble/share/ament_cmake_test/cmake/run_test.py" "/root/ros2_ws/build/franka_opcua_bridge/test_results/franka_opcua_bridge/cppcheck.xunit.xml" "--package-name" "franka_opcua_bridge" "--output-file" "/root/ros2_ws/build/franka_opcua_bridge/ament_cppcheck/cppcheck.txt" "--command" "/opt/ros/humble/bin/ament_cppcheck" "--xunit-file" "/root/ros2_ws/build/franka_opcua_bridge/test_results/franka_opcua_bridge/cppcheck.xunit.xml" "--include_dirs" "/root/ros2_ws/src/franka_opcua_bridge/include"</Value>
				</NamedMeasurement>
				<NamedMeasurement type="text/string" name="Environment">
					<Value>#CTEST_RESOURCE_GROUP_COUNT=</Value>
				</NamedMeasurement>
				<Measurement>
					<Value>-- run_test.py: invoking following command in '/root/ros2_ws/src/franka_opcua_bridge':
 - /opt/ros/humble/bin/ament_cppcheck --xunit-file /root/ros2_ws/build/franka_opcua_bridge/test_results/franka_opcua_bridge/cppcheck.xunit.xml --include_dirs /root/ros2_ws/src/franka_opcua_bridge/include
cppcheck 2.7 has known performance issues and therefore will not be used, set the AMENT_CPPCHECK_ALLOW_SLOW_VERSIONS environment variable to override this.
-- run_test.py: return code 0
-- run_test.py: verify result file '/root/ros2_ws/build/franka_opcua_bridge/test_results/franka_opcua_bridge/cppcheck.xunit.xml'
</Value>
				</Measurement>
			</Results>
			<Labels>
				<Label>cppcheck</Label>
				<Label>linter</Label>
			</Labels>
		</Test>
		<Test Status="passed">
			<Name>lint_cmake</Name>
			<Path>.</Path>
			<FullName>./lint_cmake</FullName>
			<FullCommandLine>/usr/bin/python3 "-u" "/opt/ros/humble/share/ament_cmake_test/cmake/run_test.py" "/root/ros2_ws/build/franka_opcua_bridge/test_results/franka_opcua_bridge/lint_cmake.xunit.xml" "--package-name" "franka_opcua_bridge" "--output-file" "/root/ros2_ws/build/franka_opcua_bridge/ament_lint_cmake/lint_cmake.txt" "--command" "/opt/ros/humble/bin/ament_lint_cmake" "--xunit-file" "/root/ros2_ws/build/franka_opcua_bridge/test_results/franka_opcua_bridge/lint_cmake.xunit.xml"</FullCommandLine>
			<Results>
				<NamedMeasurement type="numeric/double" name="Execution Time">
					<Value>0.202974</Value>
				</NamedMeasurement>
				<NamedMeasurement type="numeric/double" name="Processors">
					<Value>1</Value>
				</NamedMeasurement>
				<NamedMeasurement type="text/string" name="Completion Status">
					<Value>Completed</Value>
				</NamedMeasurement>
				<NamedMeasurement type="text/string" name="Command Line">
					<Value>/usr/bin/python3 "-u" "/opt/ros/humble/share/ament_cmake_test/cmake/run_test.py" "/root/ros2_ws/build/franka_opcua_bridge/test_results/franka_opcua_bridge/lint_cmake.xunit.xml" "--package-name" "franka_opcua_bridge" "--output-file" "/root/ros2_ws/build/franka_opcua_bridge/ament_lint_cmake/lint_cmake.txt" "--command" "/opt/ros/humble/bin/ament_lint_cmake" "--xunit-file" "/root/ros2_ws/build/franka_opcua_bridge/test_results/franka_opcua_bridge/lint_cmake.xunit.xml"</Value>
				</NamedMeasurement>
				<NamedMeasurement type="text/string" name="Environment">
					<Value>#CTEST_RESOURCE_GROUP_COUNT=</Value>
				</NamedMeasurement>
				<Measurement>
					<Value>-- run_test.py: invoking following command in '/root/ros2_ws/src/franka_opcua_bridge':
 - /opt/ros/humble/bin/ament_lint_cmake --xunit-file /root/ros2_ws/build/franka_opcua_bridge/test_results/franka_opcua_bridge/lint_cmake.xunit.xml

No problems found
-- run_test.py: return code 0
-- run_test.py: verify result file '/root/ros2_ws/build/franka_opcua_bridge/test_results/franka_opcua_bridge/lint_cmake.xunit.xml'
</Value>
				</Measurement>
			</Results>
			<Labels>
				<Label>lint_cmake</Label>
				<Label>linter</Label>
			</Labels>
		</Test>
		<Test Status="passed">
			<Name>uncrustify</Name>
			<Path>.</Path>
			<FullName>./uncrustify</FullName>
			<FullCommandLine>/usr/bin/python3 "-u" "/opt/ros/humble/share/ament_cmake_test/cmake/run_test.py" "/root/ros2_ws/build/franka_opcua_bridge/test_results/franka_opcua_bridge/uncrustify.xunit.xml" "--package-name" "franka_opcua_bridge" "--output-file" "/root/ros2_ws/build/franka_opcua_bridge/ament_uncrustify/uncrustify.txt" "--command" "/opt/ros/humble/bin/ament_uncrustify" "--xunit-file" "/root/ros2_ws/build/franka_opcua_bridge/test_results/franka_opcua_bridge/uncrustify.xunit.xml"</FullCommandLine>
			<Results>
				<NamedMeasurement type="numeric/double" name="Execution Time">
					<Value>0.428466</Value>
				</NamedMeasurement>
				<NamedMeasurement type="numeric/double" name="Processors">
					<Value>1</Value>
				</NamedMeasurement>
				<NamedMeasurement type="text/string" name="Completion Status">
					<Value>Completed</Value>
				</NamedMeasurement>
				<NamedMeasurement type="text/string" name="Command Line">
					<Value>/usr/bin/python3 "-u" "/opt/ros/humble/share/ament_cmake_test/cmake/run_test.py" "/root/ros2_ws/build/franka_opcua_bridge/test_results/franka_opcua_bridge/uncrustify.xunit.xml" "--package-name" "franka_opcua_bridge" "--output-file" "/root/ros2_ws/build/franka_opcua_bridge/ament_uncrustify/uncrustify.txt" "--command" "/opt/ros/humble/bin/ament_uncrustify" "--xunit-file" "/root/ros2_ws/build/franka_opcua_bridge/test_results/franka_opcua_bridge/uncrustify.xunit.xml"</Value>
				</NamedMeasurement>
				<NamedMeasurement type="text/string" name="Environment">
					<Value>#CTEST_RESOURCE_GROUP_COUNT=</Value>
				</NamedMeasurement>
				<Measurement>
					<Value>-- run_test.py: invoking following command in '/root/ros2_ws/src/franka_opcua_bridge':
 - /opt/ros/humble/bin/ament_uncrustify --xunit-file /root/ros2_ws/build/franka_opcua_bridge/test_results/franka_opcua_bridge/uncrustify.xunit.xml
No code style divergence in file 'include/franka_opcua_bridge/fake_robot.hpp'

No code style divergence in file 'include/franka_opcua_bridge/i_robot.hpp'

No code style divergence in file 'src/fake_robot.cpp'

No code style divergence in file 'src/franka_bridge_node.cpp'

No code style divergence in file 'test/test_fake_robot.cpp'

No problems found
-- run_test.py: return code 0
-- run_test.py: verify result file '/root/ros2_ws/build/franka_opcua_bridge/test_results/franka_opcua_bridge/uncrustify.xunit.xml'
</Value>
				</Measurement>
			</Results>
			<Labels>
				<Label>linter</Label>
				<Label>uncrustify</Label>
			</Labels>
		</Test>
		<Test Status="passed">
			<Name>xmllint</Name>
			<Path>.</Path>
			<FullName>./xmllint</FullName>
			<FullCommandLine>/usr/bin/python3 "-u" "/opt/ros/humble/share/ament_cmake_test/cmake/run_test.py" "/root/ros2_ws/build/franka_opcua_bridge/test_results/franka_opcua_bridge/xmllint.xunit.xml" "--package-name" "franka_opcua_bridge" "--output-file" "/root/ros2_ws/build/franka_opcua_bridge/ament_xmllint/xmllint.txt" "--command" "/opt/ros/humble/bin/ament_xmllint" "--xunit-file" "/root/ros2_ws/build/franka_opcua_bridge/test_results/franka_opcua_bridge/xmllint.xunit.xml"</FullCommandLine>
			<Results>
				<NamedMeasurement type="numeric/double" name="Execution Time">
					<Value>0.723671</Value>
				</NamedMeasurement>
				<NamedMeasurement type="numeric/double" name="Processors">
					<Value>1</Value>
				</NamedMeasurement>
				<NamedMeasurement type="text/string" name="Completion Status">
					<Value>Completed</Value>
				</NamedMeasurement>
				<NamedMeasurement type="text/string" name="Command Line">
					<Value>/usr/bin/python3 "-u" "/opt/ros/humble/share/ament_cmake_test/cmake/run_test.py" "/root/ros2_ws/build/franka_opcua_bridge/test_results/franka_opcua_bridge/xmllint.xunit.xml" "--package-name" "franka_opcua_bridge" "--output-file" "/root/ros2_ws/build/franka_opcua_bridge/ament_xmllint/xmllint.txt" "--command" "/opt/ros/humble/bin/ament_xmllint" "--xunit-file" "/root/ros2_ws/build/franka_opcua_bridge/test_results/franka_opcua_bridge/xmllint.xunit.xml"</Value>
				</NamedMeasurement>
				<NamedMeasurement type="text/string" name="Environment">
					<Value>#CTEST_RESOURCE_GROUP_COUNT=</Value>
				</NamedMeasurement>
				<Measurement>
					<Value>-- run_test.py: invoking following command in '/root/ros2_ws/src/franka_opcua_bridge':
 - /opt/ros/humble/bin/ament_xmllint --xunit-file /root/ros2_ws/build/franka_opcua_bridge/test_results/franka_opcua_bridge/xmllint.xunit.xml
File 'package.xml' is valid

No problems found
-- run_test.py: return code 0
-- run_test.py: verify result file '/root/ros2_ws/build/franka_opcua_bridge/test_results/franka_opcua_bridge/xmllint.xunit.xml'
</Value>
				</Measurement>
			</Results>
			<Labels>
				<Label>linter</Label>
				<Label>xmllint</Label>
			</Labels>
		</Test>
		<EndDateTime>Aug 28 08:17 UTC</EndDateTime>
		<EndTestTime>1787905070</EndTestTime>
		<ElapsedMinutes>0</ElapsedMinutes>
	</Testing>
</Site>
