Start testing: Aug 28 08:17 UTC
----------------------------------------------------------
1/5 Testing: test_fake_robot
1/5 Test: test_fake_robot
Command: "/usr/bin/python3" "-u" "/opt/ros/humble/share/ament_cmake_test/cmake/run_test.py" "/root/ros2_ws/build/franka_opcua_bridge/test_results/franka_opcua_bridge/test_fake_robot.gtest.xml" "--package-name" "franka_opcua_bridge" "--output-file" "/root/ros2_ws/build/franka_opcua_bridge/ament_cmake_gtest/test_fake_robot.txt" "--command" "/root/ros2_ws/build/franka_opcua_bridge/test_fake_robot" "--gtest_output=xml:/root/ros2_ws/build/franka_opcua_bridge/test_results/franka_opcua_bridge/test_fake_robot.gtest.xml"
Directory: /root/ros2_ws/build/franka_opcua_bridge
"test_fake_robot" start time: Aug 28 08:17 UTC
Output:
----------------------------------------------------------
-- run_test.py: invoking following command in '/root/ros2_ws/build/franka_opcua_bridge':
 - /root/ros2_ws/build/franka_opcua_bridge/test_fake_robot --gtest_output=xml:/root/ros2_ws/build/franka_opcua_bridge/test_results/franka_opcua_bridge/test_fake_robot.gtest.xml
[==========] Running 6 tests from 1 test suite.
[----------] Global test environment set-up.
[----------] 6 tests from FakeRobotTest
[ RUN      ] FakeRobotTest.ConnectSetsConnectedState
[       OK ] FakeRobotTest.ConnectSetsConnectedState (0 ms)
[ RUN      ] FakeRobotTest.CannotOpenBrakesIfNotConnected
[       OK ] FakeRobotTest.CannotOpenBrakesIfNotConnected (0 ms)
[ RUN      ] FakeRobotTest.TaskFailsIfBrakesClosed
[       OK ] FakeRobotTest.TaskFailsIfBrakesClosed (0 ms)
[ RUN      ] FakeRobotTest.TaskSucceedsIfBrakesOpen
[       OK ] FakeRobotTest.TaskSucceedsIfBrakesOpen (0 ms)
[ RUN      ] FakeRobotTest.MoveToNamedPoseUpdatesStatus
[       OK ] FakeRobotTest.MoveToNamedPoseUpdatesStatus (0 ms)
[ RUN      ] FakeRobotTest.WorksThroughAbstractInterface
[       OK ] FakeRobotTest.WorksThroughAbstractInterface (0 ms)
[----------] 6 tests from FakeRobotTest (0 ms total)

[----------] Global test environment tear-down
[==========] 6 tests from 1 test suite ran. (0 ms total)
[  PASSED  ] 6 tests.
-- run_test.py: return code 0
-- run_test.py: inject classname prefix into gtest result file '/root/ros2_ws/build/franka_opcua_bridge/test_results/franka_opcua_bridge/test_fake_robot.gtest.xml'
-- run_test.py: verify result file '/root/ros2_ws/build/franka_opcua_bridge/test_results/franka_opcua_bridge/test_fake_robot.gtest.xml'
<end of output>
Test time =   0.22 sec
----------------------------------------------------------
Test Passed.
"test_fake_robot" end time: Aug 28 08:17 UTC
"test_fake_robot" time elapsed: 00:00:00
----------------------------------------------------------

2/5 Testing: cppcheck
2/5 Test: cppcheck
Command: "/usr/bin/python3" "-u" "/opt/ros/humble/share/ament_cmake_test/cmake/run_test.py" "/root/ros2_ws/build/franka_opcua_bridge/test_results/franka_opcua_bridge/cppcheck.xunit.xml" "--package-name" "franka_opcua_bridge" "--output-file" "/root/ros2_ws/build/franka_opcua_bridge/ament_cppcheck/cppcheck.txt" "--command" "/opt/ros/humble/bin/ament_cppcheck" "--xunit-file" "/root/ros2_ws/build/franka_opcua_bridge/test_results/franka_opcua_bridge/cppcheck.xunit.xml" "--include_dirs" "/root/ros2_ws/src/franka_opcua_bridge/include"
Directory: /root/ros2_ws/src/franka_opcua_bridge
"cppcheck" start time: Aug 28 08:17 UTC
Output:
----------------------------------------------------------
-- run_test.py: invoking following command in '/root/ros2_ws/src/franka_opcua_bridge':
 - /opt/ros/humble/bin/ament_cppcheck --xunit-file /root/ros2_ws/build/franka_opcua_bridge/test_results/franka_opcua_bridge/cppcheck.xunit.xml --include_dirs /root/ros2_ws/src/franka_opcua_bridge/include
cppcheck 2.7 has known performance issues and therefore will not be used, set the AMENT_CPPCHECK_ALLOW_SLOW_VERSIONS environment variable to override this.
-- run_test.py: return code 0
-- run_test.py: verify result file '/root/ros2_ws/build/franka_opcua_bridge/test_results/franka_opcua_bridge/cppcheck.xunit.xml'
<end of output>
Test time =   0.22 sec
----------------------------------------------------------
Test Passed.
"cppcheck" end time: Aug 28 08:17 UTC
"cppcheck" time elapsed: 00:00:00
----------------------------------------------------------

3/5 Testing: lint_cmake
3/5 Test: lint_cmake
Command: "/usr/bin/python3" "-u" "/opt/ros/humble/share/ament_cmake_test/cmake/run_test.py" "/root/ros2_ws/build/franka_opcua_bridge/test_results/franka_opcua_bridge/lint_cmake.xunit.xml" "--package-name" "franka_opcua_bridge" "--output-file" "/root/ros2_ws/build/franka_opcua_bridge/ament_lint_cmake/lint_cmake.txt" "--command" "/opt/ros/humble/bin/ament_lint_cmake" "--xunit-file" "/root/ros2_ws/build/franka_opcua_bridge/test_results/franka_opcua_bridge/lint_cmake.xunit.xml"
Directory: /root/ros2_ws/src/franka_opcua_bridge
"lint_cmake" start time: Aug 28 08:17 UTC
Output:
----------------------------------------------------------
-- run_test.py: invoking following command in '/root/ros2_ws/src/franka_opcua_bridge':
 - /opt/ros/humble/bin/ament_lint_cmake --xunit-file /root/ros2_ws/build/franka_opcua_bridge/test_results/franka_opcua_bridge/lint_cmake.xunit.xml

No problems found
-- run_test.py: return code 0
-- run_test.py: verify result file '/root/ros2_ws/build/franka_opcua_bridge/test_results/franka_opcua_bridge/lint_cmake.xunit.xml'
<end of output>
Test time =   0.20 sec
----------------------------------------------------------
Test Passed.
"lint_cmake" end time: Aug 28 08:17 UTC
"lint_cmake" time elapsed: 00:00:00
----------------------------------------------------------

4/5 Testing: uncrustify
4/5 Test: uncrustify
Command: "/usr/bin/python3" "-u" "/opt/ros/humble/share/ament_cmake_test/cmake/run_test.py" "/root/ros2_ws/build/franka_opcua_bridge/test_results/franka_opcua_bridge/uncrustify.xunit.xml" "--package-name" "franka_opcua_bridge" "--output-file" "/root/ros2_ws/build/franka_opcua_bridge/ament_uncrustify/uncrustify.txt" "--command" "/opt/ros/humble/bin/ament_uncrustify" "--xunit-file" "/root/ros2_ws/build/franka_opcua_bridge/test_results/franka_opcua_bridge/uncrustify.xunit.xml"
Directory: /root/ros2_ws/src/franka_opcua_bridge
"uncrustify" start time: Aug 28 08:17 UTC
Output:
----------------------------------------------------------
-- run_test.py: invoking following command in '/root/ros2_ws/src/franka_opcua_bridge':
 - /opt/ros/humble/bin/ament_uncrustify --xunit-file /root/ros2_ws/build/franka_opcua_bridge/test_results/franka_opcua_bridge/uncrustify.xunit.xml
No code style divergence in file 'include/franka_opcua_bridge/fake_robot.hpp'

No code style divergence in file 'include/franka_opcua_bridge/i_robot.hpp'

No code style divergence in file 'src/fake_robot.cpp'

No code style divergence in file 'src/franka_bridge_node.cpp'

No code style divergence in file 'test/test_fake_robot.cpp'

No problems found
-- run_test.py: return code 0
-- run_test.py: verify result file '/root/ros2_ws/build/franka_opcua_bridge/test_results/franka_opcua_bridge/uncrustify.xunit.xml'
<end of output>
Test time =   0.43 sec
----------------------------------------------------------
Test Passed.
"uncrustify" end time: Aug 28 08:17 UTC
"uncrustify" time elapsed: 00:00:00
----------------------------------------------------------

5/5 Testing: xmllint
5/5 Test: xmllint
Command: "/usr/bin/python3" "-u" "/opt/ros/humble/share/ament_cmake_test/cmake/run_test.py" "/root/ros2_ws/build/franka_opcua_bridge/test_results/franka_opcua_bridge/xmllint.xunit.xml" "--package-name" "franka_opcua_bridge" "--output-file" "/root/ros2_ws/build/franka_opcua_bridge/ament_xmllint/xmllint.txt" "--command" "/opt/ros/humble/bin/ament_xmllint" "--xunit-file" "/root/ros2_ws/build/franka_opcua_bridge/test_results/franka_opcua_bridge/xmllint.xunit.xml"
Directory: /root/ros2_ws/src/franka_opcua_bridge
"xmllint" start time: Aug 28 08:17 UTC
Output:
----------------------------------------------------------
-- run_test.py: invoking following command in '/root/ros2_ws/src/franka_opcua_bridge':
 - /opt/ros/humble/bin/ament_xmllint --xunit-file /root/ros2_ws/build/franka_opcua_bridge/test_results/franka_opcua_bridge/xmllint.xunit.xml
File 'package.xml' is valid

No problems found
-- run_test.py: return code 0
-- run_test.py: verify result file '/root/ros2_ws/build/franka_opcua_bridge/test_results/franka_opcua_bridge/xmllint.xunit.xml'
<end of output>
Test time =   0.72 sec
----------------------------------------------------------
Test Passed.
"xmllint" end time: Aug 28 08:17 UTC
"xmllint" time elapsed: 00:00:00
----------------------------------------------------------

End testing: Aug 28 08:17 UTC

cppcheck =   0.22 sec*proc

gtest =   0.22 sec*proc

lint_cmake =   0.20 sec*proc

linter =   1.57 sec*proc

uncrustify =   0.43 sec*proc

xmllint =   0.72 sec*proc

