<?xml version="1.0" encoding="UTF-8"?>
<testsuites tests="6" failures="0" disabled="0" errors="0" time="0" timestamp="2026-08-28T08:41:13" name="AllTests">
  <testsuite name="FakeRobotTest" tests="6" failures="0" disabled="0" errors="0" time="0" timestamp="2026-08-28T08:41:13">
    <testcase name="ConnectSetsConnectedState" status="run" result="completed" time="0" timestamp="2026-08-28T08:41:13" classname="franka_opcua_bridge.FakeRobotTest" />
    <testcase name="CannotOpenBrakesIfNotConnected" status="run" result="completed" time="0" timestamp="2026-08-28T08:41:13" classname="franka_opcua_bridge.FakeRobotTest" />
    <testcase name="TaskFailsIfBrakesClosed" status="run" result="completed" time="0" timestamp="2026-08-28T08:41:13" classname="franka_opcua_bridge.FakeRobotTest" />
    <testcase name="TaskSucceedsIfBrakesOpen" status="run" result="completed" time="0" timestamp="2026-08-28T08:41:13" classname="franka_opcua_bridge.FakeRobotTest" />
    <testcase name="MoveToNamedPoseUpdatesStatus" status="run" result="completed" time="0" timestamp="2026-08-28T08:41:13" classname="franka_opcua_bridge.FakeRobotTest" />
    <testcase name="WorksThroughAbstractInterface" status="run" result="completed" time="0" timestamp="2026-08-28T08:41:13" classname="franka_opcua_bridge.FakeRobotTest" />
  </testsuite>
</testsuites>
